12:05:43 **** Incremental Build of configuration Debug for project teste ****
make -j4 all 
arm-none-eabi-gcc "../Core/Src/main.c" -mcpu=cortex-m4 -std=gnu11 -g3 -DUSE_HAL_DRIVER -DSTM32F401xE -DDEBUG -c -I../Drivers/CMSIS/Include -I../Drivers/STM32F4xx_HAL_Driver/Inc -I../Core/Inc -I../Drivers/CMSIS/Device/ST/STM32F4xx/Include -I../Drivers/STM32F4xx_HAL_Driver/Inc/Legacy -O0 -ffunction-sections -fdata-sections -Wall -fstack-usage -MMD -MP -MF"Core/Src/main.d" -MT"Core/Src/main.o" --specs=nano.specs -mfpu=fpv4-sp-d16 -mfloat-abi=hard -mthumb -o "Core/Src/main.o"
arm-none-eabi-gcc -o "teste.elf" @"objects.list"   -mcpu=cortex-m4 -T"C:\Users\mateu\Documents\Curso STM32\MCU2\teste\STM32F401RETX_FLASH.ld" --specs=nosys.specs -Wl,-Map="teste.map" -Wl,--gc-sections -static --specs=nano.specs -mfpu=fpv4-sp-d16 -mfloat-abi=hard -mthumb -Wl,--start-group -lc -lm -Wl,--end-group
Core/Src/main.o: In function `TIM3_Init':
C:/Users/mateu/Documents/Curso STM32/MCU2/teste/Debug/../Core/Src/main.c:33: undefined reference to `HAL_TIM_Base_Init'
collect2.exe: error: ld returned 1 exit status
make: *** [makefile:44: teste.elf] Error 1
"make -j4 all" terminated with exit code 2. Build might be incomplete.

12:05:47 Build Failed. 2 errors, 0 warnings. (took 3s.342ms)

